==== Begin log. Start time: 2015-12-25 13:20:32 ====

[13:20:32]: Initializing main window
[13:20:32]: Creating menu strip keyboard shortcuts
[13:20:32]: Registering widget event listeners
[13:20:32]: Initializing automated path detection
[13:20:32]: Initializing registry scanner
[13:20:32]: Determining if Steam needs to be checked for Paths
[13:20:32]: Initializing steam search
[13:20:32]: Checking for existance of Steam
[13:20:32]: Reading Steam config for possible paths
[13:20:32]: Steam found. Loading config.vdf
[13:20:32]: Scanning config.vdf for library information
[13:20:32]: KotOR 2 found. Applying to UI
[13:20:32]: Scan complete
[13:20:32]: Scan complete
[13:20:32]: Scan complete
[13:20:32]: Scan complete
[13:20:32]: Scan complete
[13:20:32]: Scan complete
[13:20:32]: Scan complete
[13:20:32]: Scan complete
[13:20:32]: Scan complete
[13:20:32]: Scan complete
[13:20:32]: Scan complete
[13:20:32]: Scan complete
[13:20:32]: Scan complete
[13:20:32]: Scan complete
[13:20:32]: Scan complete
[13:20:32]: Scan complete
[13:20:32]: Scan complete
[13:20:32]: Scan complete
[13:20:32]: Scan complete
[13:20:32]: Scan complete
[13:20:32]: Scan complete
[13:20:32]: Scan complete
[13:20:32]: Scan complete
[13:20:32]: Scan complete
[13:20:32]: Scan complete
[13:20:32]: Scan complete
[13:20:32]: Scan complete
[13:20:32]: Scan complete
[13:20:32]: Scan complete
[13:20:32]: Scan complete
[13:20:32]: Scan complete
[13:20:32]: Scan complete
[13:20:32]: Scan complete
[13:20:32]: Scan complete
[13:20:32]: Scan complete
[13:20:32]: Scan complete
[13:20:32]: Scan complete
[13:20:32]: Scan complete
[13:20:32]: Scan complete
[13:20:32]: Scan complete
[13:20:32]: Scan complete
[13:20:32]: Scan complete
[13:20:32]: Scan complete
[13:20:32]: Scan complete
[13:20:32]: Scan complete
[13:20:32]: Scan complete
[13:20:32]: Scan complete
[13:20:32]: Scan complete
[13:20:32]: Scan complete
[13:20:32]: Scan complete
[13:20:32]: Scan complete
[13:20:32]: Scan complete
[13:20:32]: Scan complete
[13:20:32]: Scan complete
[13:20:32]: Scan complete
[13:20:32]: Scan complete
[13:20:32]: Scan complete
[13:20:32]: Scan complete
[13:20:32]: Scan complete
[13:20:32]: Scan complete
[13:20:32]: Scan complete
[13:20:32]: Scan complete
[13:20:32]: Scan complete
[13:20:32]: Scan complete
[13:20:32]: Scan complete
[13:20:32]: Scan complete
[13:20:32]: Scan complete
[13:20:32]: Scan complete
[13:20:32]: Scan complete
[13:20:32]: Scan complete
[13:20:32]: Scan complete
[13:20:32]: Scan complete
[13:20:32]: Scan complete
[13:20:32]: Scan complete
[13:20:32]: Scan complete
[13:20:32]: Scan complete
[13:20:32]: Scan complete
[13:20:32]: Scan complete
[13:20:32]: Scan complete
[13:20:32]: Scan complete
[13:20:32]: Scan complete
[13:20:32]: Scan complete
[13:20:32]: Scan complete
[13:20:32]: Scan complete
[13:20:32]: Scan complete
[13:20:32]: Scan complete
[13:20:32]: Scan complete
[13:20:32]: Scan complete
[13:20:32]: Scan complete
[13:20:32]: Scan complete
[13:20:32]: Scan complete
[13:20:32]: Scan complete
[13:20:32]: Scan complete
[13:20:32]: Scan complete
[13:20:32]: Scan complete
[13:20:32]: Scan complete
[13:20:32]: Scan complete
[13:20:32]: Scan complete
[13:20:32]: Scan complete
[13:20:32]: Scan complete
[13:20:32]: Scan complete
[13:20:32]: Scan complete
[13:20:32]: Scan complete
[13:20:32]: Scan complete
[13:20:32]: Scan complete
[13:20:32]: Scan complete
[13:20:32]: Scan complete
[13:20:32]: Scan complete
[13:20:32]: Scan complete
[13:20:32]: Scan complete
[13:20:32]: Scan complete
[13:20:32]: Scan complete
[13:20:32]: Scan complete
[13:20:32]: Scan complete
[13:20:32]: Scan complete
[13:20:32]: Scan complete
[13:20:32]: Scan complete
[13:20:32]: Scan complete
[13:20:32]: Scan complete
[13:20:32]: Scan complete
[13:20:32]: Scan complete
[13:20:32]: Scan complete
[13:20:32]: Scan complete
[13:20:32]: Scan complete
[13:20:32]: Scan complete
[13:20:32]: Scan complete
[13:20:32]: Scan complete
[13:20:32]: Scan complete
[13:20:32]: Scan complete
[13:20:32]: Scan complete
[13:20:32]: Scan complete
[13:20:32]: Scan complete
[13:20:32]: Scan complete
[13:20:32]: Scan complete
[13:20:32]: Scan complete
[13:20:32]: Scan complete
[13:20:32]: Scan complete
[13:20:32]: Scan complete
[13:20:32]: Scan complete
[13:20:32]: Scan complete
[13:20:32]: Scan complete
[13:20:32]: Scan complete
[13:20:32]: Scan complete
[13:20:32]: Scan complete
[13:20:32]: Scan complete
[13:20:32]: Scan complete
[13:20:32]: Scan complete
[13:20:32]: Scan complete
[13:20:32]: Scan complete
[13:20:32]: Scan complete
[13:20:32]: Scan complete
[13:20:32]: Scan complete
[13:20:32]: Scan complete
[13:20:32]: Scan complete
[13:20:32]: Scan complete
[13:20:32]: Scan complete
[13:20:32]: Scan complete
[13:20:32]: Scan complete
[13:20:32]: Scan complete
[13:20:32]: Scan complete
[13:20:32]: Scan complete
[13:20:32]: Scan complete
[13:20:32]: Scan complete
[13:20:32]: Scan complete
[13:20:32]: Scan complete
[13:20:32]: Scan complete
[13:20:32]: Scan complete
[13:20:32]: Scan complete
[13:20:32]: Scan complete
[13:20:32]: Scan complete
[13:20:32]: Scan complete
[13:20:32]: Scan complete
[13:20:32]: Scan complete
[13:20:32]: Scan complete
[13:20:32]: Scan complete
[13:20:32]: Scan complete
[13:20:32]: Scan complete
[13:20:32]: Scan complete
[13:20:32]: Scan complete
[13:20:36]: Application close event fired
[13:20:37]: Cleaning up any potential INI backups
[13:20:37]: Saving log file
[13:20:37]: Terminating KPF

==== End log. Time: 2015-12-25 13:20:37 ====

